2019-01-21 09:54:22.328 [INFO ] [main] com.wanghan.demo.DemoApplication StartupInfoLogger.java.50 - Starting DemoApplication on jamdeMacBook-Pro.local with PID 80289 (/Users/jamwang/Documents/dev/demo_springboot/target/classes started by jamwang in /Users/jamwang/Documents/dev/demo_springboot)
2019-01-21 09:54:22.339 [INFO ] [main] com.wanghan.demo.DemoApplication SpringApplication.java.679 - The following profiles are active: dev
2019-01-21 09:54:24.806 [INFO ] [main] com.wanghan.demo.DemoApplication StartupInfoLogger.java.59 - Started DemoApplication in 3.713 seconds (JVM running for 5.587)
2019-01-21 09:54:24.808 [INFO ] [main] c.w.d.a.ApplicationReadyEventListener ApplicationReadyEventListener.java.19 - ......ApplicationReadyEvent......
2019-01-21 09:54:24.809 [WARN ] [main] c.w.d.a.ApplicationReadyEventListener ApplicationReadyEventListener.java.22 - ......ApplicationReadyEvent......
2019-01-21 09:54:24.809 [ERROR] [main] c.w.d.a.ApplicationReadyEventListener ApplicationReadyEventListener.java.23 - ......ApplicationReadyEvent......
2019-01-21 09:59:00.682 [INFO ] [main] com.wanghan.demo.DemoApplication StartupInfoLogger.java.50 - Starting DemoApplication on jamdeMacBook-Pro.local with PID 80417 (/Users/jamwang/Documents/dev/demo_springboot/target/classes started by jamwang in /Users/jamwang/Documents/dev/demo_springboot)
2019-01-21 09:59:00.687 [INFO ] [main] com.wanghan.demo.DemoApplication SpringApplication.java.679 - The following profiles are active: dev
2019-01-21 09:59:04.196 [INFO ] [main] com.wanghan.demo.DemoApplication StartupInfoLogger.java.59 - Started DemoApplication in 4.485 seconds (JVM running for 5.431)
2019-01-21 09:59:04.198 [INFO ] [main] c.w.d.a.ApplicationReadyEventListener ApplicationReadyEventListener.java.19 - ......ApplicationReadyEvent......
2019-01-21 09:59:04.198 [WARN ] [main] c.w.d.a.ApplicationReadyEventListener ApplicationReadyEventListener.java.22 - ......ApplicationReadyEvent......
2019-01-21 09:59:04.199 [ERROR] [main] c.w.d.a.ApplicationReadyEventListener ApplicationReadyEventListener.java.23 - ......ApplicationReadyEvent......
2019-01-21 10:05:01.471 [INFO ] [main] com.wanghan.demo.DemoApplication StartupInfoLogger.java.50 - Starting DemoApplication on jamdeMacBook-Pro.local with PID 80584 (/Users/jamwang/Documents/dev/demo_springboot/target/classes started by jamwang in /Users/jamwang/Documents/dev/demo_springboot)
2019-01-21 10:05:01.473 [INFO ] [main] com.wanghan.demo.DemoApplication SpringApplication.java.679 - The following profiles are active: dev
2019-01-21 10:05:15.161 [INFO ] [main] com.wanghan.demo.DemoApplication StartupInfoLogger.java.59 - Started DemoApplication in 15.141 seconds (JVM running for 16.757)
2019-01-21 10:05:15.166 [INFO ] [main] c.w.d.a.ApplicationReadyEventListener ApplicationReadyEventListener.java.19 - ......ApplicationReadyEvent......
2019-01-21 10:05:15.166 [WARN ] [main] c.w.d.a.ApplicationReadyEventListener ApplicationReadyEventListener.java.22 - ......ApplicationReadyEvent......
2019-01-21 10:05:15.166 [ERROR] [main] c.w.d.a.ApplicationReadyEventListener ApplicationReadyEventListener.java.23 - ......ApplicationReadyEvent......
2019-01-21 10:06:59.849 [INFO ] [main] com.wanghan.demo.DemoApplication StartupInfoLogger.java.50 - Starting DemoApplication on jamdeMacBook-Pro.local with PID 80643 (/Users/jamwang/Documents/dev/demo_springboot/target/classes started by jamwang in /Users/jamwang/Documents/dev/demo_springboot)
2019-01-21 10:06:59.857 [DEBUG] [main] com.wanghan.demo.DemoApplication StartupInfoLogger.java.53 - Running with Spring Boot v2.1.2.RELEASE, Spring v5.1.4.RELEASE
2019-01-21 10:06:59.858 [INFO ] [main] com.wanghan.demo.DemoApplication SpringApplication.java.679 - The following profiles are active: dev
2019-01-21 10:07:02.714 [INFO ] [main] com.wanghan.demo.DemoApplication StartupInfoLogger.java.59 - Started DemoApplication in 3.886 seconds (JVM running for 5.004)
2019-01-21 10:07:02.718 [INFO ] [main] c.w.d.a.ApplicationReadyEventListener ApplicationReadyEventListener.java.19 - ......ApplicationReadyEvent......
2019-01-21 10:07:02.718 [DEBUG] [main] c.w.d.a.ApplicationReadyEventListener ApplicationReadyEventListener.java.20 - ......ApplicationReadyEvent......
2019-01-21 10:07:02.719 [WARN ] [main] c.w.d.a.ApplicationReadyEventListener ApplicationReadyEventListener.java.22 - ......ApplicationReadyEvent......
2019-01-21 10:07:02.719 [ERROR] [main] c.w.d.a.ApplicationReadyEventListener ApplicationReadyEventListener.java.23 - ......ApplicationReadyEvent......
2019-01-21 10:09:25.246 [INFO ] [main] com.wanghan.demo.DemoApplication StartupInfoLogger.java.50 - Starting DemoApplication on jamdeMacBook-Pro.local with PID 80713 (/Users/jamwang/Documents/dev/demo_springboot/target/classes started by jamwang in /Users/jamwang/Documents/dev/demo_springboot)
2019-01-21 10:09:25.250 [DEBUG] [main] com.wanghan.demo.DemoApplication StartupInfoLogger.java.53 - Running with Spring Boot v2.1.2.RELEASE, Spring v5.1.4.RELEASE
2019-01-21 10:09:25.251 [INFO ] [main] com.wanghan.demo.DemoApplication SpringApplication.java.679 - The following profiles are active: dev
2019-01-21 10:09:28.290 [INFO ] [main] com.wanghan.demo.DemoApplication StartupInfoLogger.java.59 - Started DemoApplication in 4.095 seconds (JVM running for 5.501)
2019-01-21 10:09:28.292 [INFO ] [main] c.w.d.a.ApplicationReadyEventListener ApplicationReadyEventListener.java.19 - ......ApplicationReadyEvent......
2019-01-21 10:09:28.293 [DEBUG] [main] c.w.d.a.ApplicationReadyEventListener ApplicationReadyEventListener.java.20 - ......ApplicationReadyEvent......
2019-01-21 10:09:28.293 [WARN ] [main] c.w.d.a.ApplicationReadyEventListener ApplicationReadyEventListener.java.22 - ......ApplicationReadyEvent......
2019-01-21 10:09:28.293 [ERROR] [main] c.w.d.a.ApplicationReadyEventListener ApplicationReadyEventListener.java.23 - ......ApplicationReadyEvent......
2019-01-21 10:45:19.297 [INFO ] [main] c.wanghan.demo.DemoApplicationTests ?.? - Starting DemoApplicationTests on jamdeMacBook-Pro.local with PID 81707 (started by jamwang in /Users/jamwang/Documents/dev/demo_springboot)
2019-01-21 10:45:19.298 [DEBUG] [main] c.wanghan.demo.DemoApplicationTests StartupInfoLogger.java.53 - Running with Spring Boot v2.1.2.RELEASE, Spring v5.1.4.RELEASE
2019-01-21 10:45:19.299 [INFO ] [main] c.wanghan.demo.DemoApplicationTests SpringApplication.java.679 - The following profiles are active: dev
2019-01-21 10:45:23.583 [INFO ] [main] c.wanghan.demo.DemoApplicationTests ?.? - Started DemoApplicationTests in 5.544 seconds (JVM running for 6.768)
2019-01-21 10:45:33.293 [INFO ] [main] com.wanghan.demo.DemoApplication ?.? - Starting DemoApplication on jamdeMacBook-Pro.local with PID 81722 (/Users/jamwang/Documents/dev/demo_springboot/target/classes started by jamwang in /Users/jamwang/Documents/dev/demo_springboot)
2019-01-21 10:45:33.304 [DEBUG] [main] com.wanghan.demo.DemoApplication ?.? - Running with Spring Boot v2.1.2.RELEASE, Spring v5.1.4.RELEASE
2019-01-21 10:45:33.350 [INFO ] [main] com.wanghan.demo.DemoApplication ?.? - The following profiles are active: dev
2019-01-21 10:45:36.173 [INFO ] [main] com.wanghan.demo.DemoApplication ?.? - Started DemoApplication in 4.168 seconds (JVM running for 5.469)
2019-01-21 10:45:36.175 [INFO ] [main] c.w.d.a.ApplicationReadyEventListener ?.? - ......ApplicationReadyEvent......
2019-01-21 10:45:36.175 [DEBUG] [main] c.w.d.a.ApplicationReadyEventListener ?.? - ......ApplicationReadyEvent......
2019-01-21 10:45:36.175 [WARN ] [main] c.w.d.a.ApplicationReadyEventListener ?.? - ......ApplicationReadyEvent......
2019-01-21 10:45:36.175 [ERROR] [main] c.w.d.a.ApplicationReadyEventListener ?.? - ......ApplicationReadyEvent......
2019-01-21 13:43:45.743 [INFO ] [main] com.wanghan.demo.DemoApplication StartupInfoLogger.java.50 - Starting DemoApplication on jamdeMacBook-Pro.local with PID 85345 (/Users/jamwang/Documents/dev/demo_springboot/target/classes started by jamwang in /Users/jamwang/Documents/dev/demo_springboot)
2019-01-21 13:43:45.754 [DEBUG] [main] com.wanghan.demo.DemoApplication StartupInfoLogger.java.53 - Running with Spring Boot v2.1.2.RELEASE, Spring v5.1.4.RELEASE
2019-01-21 13:43:45.755 [INFO ] [main] com.wanghan.demo.DemoApplication SpringApplication.java.679 - The following profiles are active: dev
2019-01-21 13:43:48.687 [INFO ] [main] com.wanghan.demo.DemoApplication StartupInfoLogger.java.59 - Started DemoApplication in 4.169 seconds (JVM running for 5.454)
2019-01-21 13:43:48.689 [INFO ] [main] c.w.d.a.ApplicationReadyEventListener ApplicationReadyEventListener.java.19 - ......ApplicationReadyEvent......
2019-01-21 13:43:48.689 [DEBUG] [main] c.w.d.a.ApplicationReadyEventListener ApplicationReadyEventListener.java.20 - ......ApplicationReadyEvent......
2019-01-21 13:43:48.690 [WARN ] [main] c.w.d.a.ApplicationReadyEventListener ApplicationReadyEventListener.java.22 - ......ApplicationReadyEvent......
2019-01-21 13:43:48.690 [ERROR] [main] c.w.d.a.ApplicationReadyEventListener ApplicationReadyEventListener.java.23 - ......ApplicationReadyEvent......
2019-01-21 14:32:35.912 [INFO ] [main] c.wanghan.demo.DemoApplicationTests StartupInfoLogger.java.50 - Starting DemoApplicationTests on jamdeMacBook-Pro.local with PID 86675 (started by jamwang in /Users/jamwang/Documents/dev/demo_springboot)
2019-01-21 14:32:35.914 [DEBUG] [main] c.wanghan.demo.DemoApplicationTests StartupInfoLogger.java.53 - Running with Spring Boot v2.1.2.RELEASE, Spring v5.1.4.RELEASE
2019-01-21 14:32:35.914 [INFO ] [main] c.wanghan.demo.DemoApplicationTests SpringApplication.java.679 - The following profiles are active: dev
2019-01-21 14:32:42.396 [INFO ] [main] c.wanghan.demo.DemoApplicationTests StartupInfoLogger.java.59 - Started DemoApplicationTests in 7.573 seconds (JVM running for 8.905)
2019-01-21 14:37:55.978 [INFO ] [main] c.wanghan.demo.DemoApplicationTests StartupInfoLogger.java.50 - Starting DemoApplicationTests on jamdeMacBook-Pro.local with PID 86834 (started by jamwang in /Users/jamwang/Documents/dev/demo_springboot)
2019-01-21 14:37:55.980 [DEBUG] [main] c.wanghan.demo.DemoApplicationTests StartupInfoLogger.java.53 - Running with Spring Boot v2.1.2.RELEASE, Spring v5.1.4.RELEASE
2019-01-21 14:37:55.980 [INFO ] [main] c.wanghan.demo.DemoApplicationTests SpringApplication.java.679 - The following profiles are active: dev
2019-01-21 14:38:00.465 [INFO ] [main] c.wanghan.demo.DemoApplicationTests StartupInfoLogger.java.59 - Started DemoApplicationTests in 5.84 seconds (JVM running for 7.752)
2019-01-21 14:42:30.442 [INFO ] [main] c.wanghan.demo.DemoApplicationTests StartupInfoLogger.java.50 - Starting DemoApplicationTests on jamdeMacBook-Pro.local with PID 86972 (started by jamwang in /Users/jamwang/Documents/dev/demo_springboot)
2019-01-21 14:42:30.456 [DEBUG] [main] c.wanghan.demo.DemoApplicationTests StartupInfoLogger.java.53 - Running with Spring Boot v2.1.2.RELEASE, Spring v5.1.4.RELEASE
2019-01-21 14:42:30.458 [INFO ] [main] c.wanghan.demo.DemoApplicationTests SpringApplication.java.679 - The following profiles are active: dev
2019-01-21 14:42:34.565 [INFO ] [main] c.wanghan.demo.DemoApplicationTests StartupInfoLogger.java.59 - Started DemoApplicationTests in 5.145 seconds (JVM running for 6.415)
2019-01-21 14:42:35.921 [DEBUG] [main] c.wanghan.demo.dao.UserMapper.insert BaseJdbcLogger.java.159 - ==>  Preparing: INSERT INTO USER(NAME, AGE) VALUES(?, ?) 
2019-01-21 14:42:35.967 [DEBUG] [main] c.wanghan.demo.dao.UserMapper.insert BaseJdbcLogger.java.159 - ==> Parameters: AAA(String), 20(Integer)
2019-01-21 14:43:47.318 [INFO ] [main] c.wanghan.demo.DemoApplicationTests StartupInfoLogger.java.50 - Starting DemoApplicationTests on jamdeMacBook-Pro.local with PID 87015 (started by jamwang in /Users/jamwang/Documents/dev/demo_springboot)
2019-01-21 14:43:47.331 [DEBUG] [main] c.wanghan.demo.DemoApplicationTests StartupInfoLogger.java.53 - Running with Spring Boot v2.1.2.RELEASE, Spring v5.1.4.RELEASE
2019-01-21 14:43:47.331 [INFO ] [main] c.wanghan.demo.DemoApplicationTests SpringApplication.java.679 - The following profiles are active: dev
2019-01-21 14:43:53.401 [INFO ] [main] c.wanghan.demo.DemoApplicationTests StartupInfoLogger.java.59 - Started DemoApplicationTests in 7.632 seconds (JVM running for 9.197)
2019-01-21 14:43:54.528 [DEBUG] [main] c.wanghan.demo.dao.UserMapper.insert BaseJdbcLogger.java.159 - ==>  Preparing: INSERT INTO USER(NAME, AGE) VALUES(?, ?) 
2019-01-21 14:43:54.561 [DEBUG] [main] c.wanghan.demo.dao.UserMapper.insert BaseJdbcLogger.java.159 - ==> Parameters: AAA(String), 20(Integer)
2019-01-21 15:02:27.889 [INFO ] [main] c.wanghan.demo.DemoApplicationTests StartupInfoLogger.java.50 - Starting DemoApplicationTests on jamdeMacBook-Pro.local with PID 87533 (started by jamwang in /Users/jamwang/Documents/dev/demo_springboot)
2019-01-21 15:02:27.891 [DEBUG] [main] c.wanghan.demo.DemoApplicationTests StartupInfoLogger.java.53 - Running with Spring Boot v2.1.2.RELEASE, Spring v5.1.4.RELEASE
2019-01-21 15:02:27.891 [INFO ] [main] c.wanghan.demo.DemoApplicationTests SpringApplication.java.679 - The following profiles are active: dev
2019-01-21 15:02:32.498 [INFO ] [main] c.wanghan.demo.DemoApplicationTests StartupInfoLogger.java.59 - Started DemoApplicationTests in 5.444 seconds (JVM running for 6.531)
2019-01-21 15:02:33.878 [DEBUG] [main] c.w.demo.dao.UserMapper.findByName BaseJdbcLogger.java.159 - ==>  Preparing: select *from zk_userinfo where account = ? 
2019-01-21 15:02:33.915 [DEBUG] [main] c.w.demo.dao.UserMapper.findByName BaseJdbcLogger.java.159 - ==> Parameters: AAA(String)
2019-01-21 15:02:33.942 [DEBUG] [main] c.w.demo.dao.UserMapper.findByName BaseJdbcLogger.java.159 - <==      Total: 0
2019-01-21 15:03:43.932 [INFO ] [main] c.wanghan.demo.DemoApplicationTests StartupInfoLogger.java.50 - Starting DemoApplicationTests on jamdeMacBook-Pro.local with PID 87577 (started by jamwang in /Users/jamwang/Documents/dev/demo_springboot)
2019-01-21 15:03:43.946 [DEBUG] [main] c.wanghan.demo.DemoApplicationTests StartupInfoLogger.java.53 - Running with Spring Boot v2.1.2.RELEASE, Spring v5.1.4.RELEASE
2019-01-21 15:03:43.947 [INFO ] [main] c.wanghan.demo.DemoApplicationTests SpringApplication.java.679 - The following profiles are active: dev
2019-01-21 15:03:49.180 [INFO ] [main] c.wanghan.demo.DemoApplicationTests StartupInfoLogger.java.59 - Started DemoApplicationTests in 6.271 seconds (JVM running for 7.8)
2019-01-21 15:03:50.675 [DEBUG] [main] c.w.demo.dao.UserMapper.findByName BaseJdbcLogger.java.159 - ==>  Preparing: select *from zk_userinfo where account = ? 
2019-01-21 15:03:50.732 [DEBUG] [main] c.w.demo.dao.UserMapper.findByName BaseJdbcLogger.java.159 - ==> Parameters: AAA(String)
2019-01-21 15:03:50.901 [DEBUG] [main] c.w.demo.dao.UserMapper.findByName BaseJdbcLogger.java.159 - <==      Total: 0
2019-01-21 15:04:53.494 [INFO ] [main] c.wanghan.demo.DemoApplicationTests StartupInfoLogger.java.50 - Starting DemoApplicationTests on jamdeMacBook-Pro.local with PID 87623 (started by jamwang in /Users/jamwang/Documents/dev/demo_springboot)
2019-01-21 15:04:53.496 [DEBUG] [main] c.wanghan.demo.DemoApplicationTests StartupInfoLogger.java.53 - Running with Spring Boot v2.1.2.RELEASE, Spring v5.1.4.RELEASE
2019-01-21 15:04:53.497 [INFO ] [main] c.wanghan.demo.DemoApplicationTests SpringApplication.java.679 - The following profiles are active: dev
2019-01-21 15:04:58.816 [INFO ] [main] c.wanghan.demo.DemoApplicationTests StartupInfoLogger.java.59 - Started DemoApplicationTests in 6.175 seconds (JVM running for 7.325)
2019-01-21 15:05:00.372 [DEBUG] [main] c.w.demo.dao.UserMapper.findByName BaseJdbcLogger.java.159 - ==>  Preparing: select *from zk_userinfo where account = ? 
2019-01-21 15:05:00.483 [DEBUG] [main] c.w.demo.dao.UserMapper.findByName BaseJdbcLogger.java.159 - ==> Parameters: iDeal_test005(String)
2019-01-21 15:05:00.555 [DEBUG] [main] c.w.demo.dao.UserMapper.findByName BaseJdbcLogger.java.159 - <==      Total: 1
2019-01-21 15:06:49.742 [INFO ] [main] c.wanghan.demo.DemoApplicationTests StartupInfoLogger.java.50 - Starting DemoApplicationTests on jamdeMacBook-Pro.local with PID 87686 (started by jamwang in /Users/jamwang/Documents/dev/demo_springboot)
2019-01-21 15:06:49.745 [DEBUG] [main] c.wanghan.demo.DemoApplicationTests StartupInfoLogger.java.53 - Running with Spring Boot v2.1.2.RELEASE, Spring v5.1.4.RELEASE
2019-01-21 15:06:49.746 [INFO ] [main] c.wanghan.demo.DemoApplicationTests SpringApplication.java.679 - The following profiles are active: dev
2019-01-21 15:06:53.975 [INFO ] [main] c.wanghan.demo.DemoApplicationTests StartupInfoLogger.java.59 - Started DemoApplicationTests in 5.289 seconds (JVM running for 6.34)
2019-01-21 15:06:54.942 [DEBUG] [main] c.w.demo.dao.UserMapper.findByName BaseJdbcLogger.java.159 - ==>  Preparing: select *from zk_userinfo where account = ? 
2019-01-21 15:06:54.992 [DEBUG] [main] c.w.demo.dao.UserMapper.findByName BaseJdbcLogger.java.159 - ==> Parameters: iDeal_test005(String)
2019-01-21 15:06:55.080 [DEBUG] [main] c.w.demo.dao.UserMapper.findByName BaseJdbcLogger.java.159 - <==      Total: 1
2019-01-21 15:41:25.727 [INFO ] [main] c.wanghan.demo.DemoApplicationTests StartupInfoLogger.java.50 - Starting DemoApplicationTests on jamdeMacBook-Pro.local with PID 88657 (started by jamwang in /Users/jamwang/Documents/dev/demo_springboot)
2019-01-21 15:41:25.730 [DEBUG] [main] c.wanghan.demo.DemoApplicationTests StartupInfoLogger.java.53 - Running with Spring Boot v2.1.2.RELEASE, Spring v5.1.4.RELEASE
2019-01-21 15:41:25.730 [INFO ] [main] c.wanghan.demo.DemoApplicationTests SpringApplication.java.679 - The following profiles are active: dev
2019-01-21 15:41:30.215 [INFO ] [main] c.wanghan.demo.DemoApplicationTests StartupInfoLogger.java.59 - Started DemoApplicationTests in 5.312 seconds (JVM running for 6.603)
2019-01-21 15:41:31.269 [DEBUG] [main] c.w.demo.dao.UserMapper.findByName BaseJdbcLogger.java.159 - ==>  Preparing: select *from zk_userinfo where account = ? 
2019-01-21 15:41:31.310 [DEBUG] [main] c.w.demo.dao.UserMapper.findByName BaseJdbcLogger.java.159 - ==> Parameters: iDeal_test005(String)
2019-01-21 15:41:31.361 [DEBUG] [main] c.w.demo.dao.UserMapper.findByName BaseJdbcLogger.java.159 - <==      Total: 1
2019-01-21 16:14:56.849 [INFO ] [main] c.wanghan.demo.DemoApplicationTests StartupInfoLogger.java.50 - Starting DemoApplicationTests on jamdeMacBook-Pro.local with PID 89596 (started by jamwang in /Users/jamwang/Documents/dev/demo_springboot)
2019-01-21 16:14:56.854 [DEBUG] [main] c.wanghan.demo.DemoApplicationTests StartupInfoLogger.java.53 - Running with Spring Boot v2.1.2.RELEASE, Spring v5.1.4.RELEASE
2019-01-21 16:14:56.858 [INFO ] [main] c.wanghan.demo.DemoApplicationTests SpringApplication.java.679 - The following profiles are active: dev
2019-01-21 16:15:03.146 [INFO ] [main] c.wanghan.demo.DemoApplicationTests StartupInfoLogger.java.59 - Started DemoApplicationTests in 7.331 seconds (JVM running for 8.73)
2019-01-21 16:15:04.587 [DEBUG] [main] c.w.demo.dao.UserMapper.findByName BaseJdbcLogger.java.159 - ==>  Preparing: select *from zk_userinfo where account = ? 
2019-01-21 16:15:04.650 [DEBUG] [main] c.w.demo.dao.UserMapper.findByName BaseJdbcLogger.java.159 - ==> Parameters: iDeal_test005(String)
2019-01-21 16:15:04.717 [DEBUG] [main] c.w.demo.dao.UserMapper.findByName BaseJdbcLogger.java.159 - <==      Total: 1
2019-01-21 16:25:24.468 [INFO ] [main] c.wanghan.demo.DemoApplicationTests StartupInfoLogger.java.50 - Starting DemoApplicationTests on jamdeMacBook-Pro.local with PID 89892 (started by jamwang in /Users/jamwang/Documents/dev/demo_springboot)
2019-01-21 16:25:24.472 [DEBUG] [main] c.wanghan.demo.DemoApplicationTests StartupInfoLogger.java.53 - Running with Spring Boot v2.1.2.RELEASE, Spring v5.1.4.RELEASE
2019-01-21 16:25:24.473 [INFO ] [main] c.wanghan.demo.DemoApplicationTests SpringApplication.java.679 - The following profiles are active: dev
2019-01-21 16:25:26.574 [INFO ] [main] c.wanghan.demo.DemoApplicationTests StartupInfoLogger.java.50 - Starting DemoApplicationTests on jamdeMacBook-Pro.local with PID 89896 (started by jamwang in /Users/jamwang/Documents/dev/demo_springboot)
2019-01-21 16:25:26.576 [DEBUG] [main] c.wanghan.demo.DemoApplicationTests StartupInfoLogger.java.53 - Running with Spring Boot v2.1.2.RELEASE, Spring v5.1.4.RELEASE
2019-01-21 16:25:26.587 [INFO ] [main] c.wanghan.demo.DemoApplicationTests SpringApplication.java.679 - The following profiles are active: dev
2019-01-21 16:25:33.786 [INFO ] [main] c.wanghan.demo.DemoApplicationTests StartupInfoLogger.java.59 - Started DemoApplicationTests in 10.685 seconds (JVM running for 12.818)
2019-01-21 16:25:35.054 [INFO ] [main] c.wanghan.demo.DemoApplicationTests StartupInfoLogger.java.59 - Started DemoApplicationTests in 10.603 seconds (JVM running for 12.508)
2019-01-21 16:25:35.360 [DEBUG] [main] c.w.demo.dao.UserMapper.findByName BaseJdbcLogger.java.159 - ==>  Preparing: select *from zk_userinfo where account = ? 
2019-01-21 16:25:35.405 [DEBUG] [main] c.w.demo.dao.UserMapper.findByName BaseJdbcLogger.java.159 - ==> Parameters: iDeal_test005(String)
2019-01-21 16:25:35.458 [DEBUG] [main] c.w.demo.dao.UserMapper.findByName BaseJdbcLogger.java.159 - <==      Total: 1
2019-01-21 16:25:36.589 [DEBUG] [main] c.w.demo.dao.UserMapper.findByName BaseJdbcLogger.java.159 - ==>  Preparing: select *from zk_userinfo where account = ? 
2019-01-21 16:25:36.631 [DEBUG] [main] c.w.demo.dao.UserMapper.findByName BaseJdbcLogger.java.159 - ==> Parameters: iDeal_test005(String)
2019-01-21 16:25:36.673 [DEBUG] [main] c.w.demo.dao.UserMapper.findByName BaseJdbcLogger.java.159 - <==      Total: 1
2019-01-21 16:25:56.266 [INFO ] [main] c.wanghan.demo.DemoApplicationTests StartupInfoLogger.java.50 - Starting DemoApplicationTests on jamdeMacBook-Pro.local with PID 89940 (started by jamwang in /Users/jamwang/Documents/dev/demo_springboot)
2019-01-21 16:25:56.272 [DEBUG] [main] c.wanghan.demo.DemoApplicationTests StartupInfoLogger.java.53 - Running with Spring Boot v2.1.2.RELEASE, Spring v5.1.4.RELEASE
2019-01-21 16:25:56.273 [INFO ] [main] c.wanghan.demo.DemoApplicationTests SpringApplication.java.679 - The following profiles are active: dev
2019-01-21 16:26:00.374 [INFO ] [main] c.wanghan.demo.DemoApplicationTests StartupInfoLogger.java.59 - Started DemoApplicationTests in 4.92 seconds (JVM running for 6.362)
2019-01-21 16:26:01.290 [DEBUG] [main] c.w.demo.dao.UserMapper.findByName BaseJdbcLogger.java.159 - ==>  Preparing: select *from zk_userinfo where account = ? 
2019-01-21 16:26:01.337 [DEBUG] [main] c.w.demo.dao.UserMapper.findByName BaseJdbcLogger.java.159 - ==> Parameters: iDeal_test005(String)
2019-01-21 16:26:01.375 [DEBUG] [main] c.w.demo.dao.UserMapper.findByName BaseJdbcLogger.java.159 - <==      Total: 1
2019-01-21 16:40:06.708 [INFO ] [main] c.wanghan.demo.DemoApplicationTests StartupInfoLogger.java.50 - Starting DemoApplicationTests on jamdeMacBook-Pro.local with PID 90356 (started by jamwang in /Users/jamwang/Documents/dev/demo_springboot)
2019-01-21 16:40:06.711 [DEBUG] [main] c.wanghan.demo.DemoApplicationTests StartupInfoLogger.java.53 - Running with Spring Boot v2.1.2.RELEASE, Spring v5.1.4.RELEASE
2019-01-21 16:40:06.711 [INFO ] [main] c.wanghan.demo.DemoApplicationTests SpringApplication.java.679 - The following profiles are active: dev
2019-01-21 16:40:11.432 [INFO ] [main] c.wanghan.demo.DemoApplicationTests StartupInfoLogger.java.59 - Started DemoApplicationTests in 5.603 seconds (JVM running for 6.797)
2019-01-21 16:40:11.918 [DEBUG] [main] c.w.demo.dao.UserMapper.findByName BaseJdbcLogger.java.159 - ==>  Preparing: select *from zk_userinfo where account = ? 
2019-01-21 16:40:12.258 [DEBUG] [main] c.w.demo.dao.UserMapper.findByName BaseJdbcLogger.java.159 - ==> Parameters: iDeal_test005(String)
2019-01-21 16:40:12.444 [DEBUG] [main] c.w.demo.dao.UserMapper.findByName BaseJdbcLogger.java.159 - <==      Total: 1
2019-01-21 16:42:31.808 [INFO ] [main] com.wanghan.demo.DemoApplication StartupInfoLogger.java.50 - Starting DemoApplication on jamdeMacBook-Pro.local with PID 90435 (/Users/jamwang/Documents/dev/demo_springboot/target/classes started by jamwang in /Users/jamwang/Documents/dev/demo_springboot)
2019-01-21 16:42:31.812 [DEBUG] [main] com.wanghan.demo.DemoApplication StartupInfoLogger.java.53 - Running with Spring Boot v2.1.2.RELEASE, Spring v5.1.4.RELEASE
2019-01-21 16:42:31.813 [INFO ] [main] com.wanghan.demo.DemoApplication SpringApplication.java.679 - The following profiles are active: dev
2019-01-21 16:42:36.362 [INFO ] [main] com.wanghan.demo.DemoApplication StartupInfoLogger.java.59 - Started DemoApplication in 5.58 seconds (JVM running for 6.555)
2019-01-21 16:42:36.364 [INFO ] [main] c.w.d.a.ApplicationReadyEventListener ApplicationReadyEventListener.java.19 - ......ApplicationReadyEvent......
2019-01-21 16:42:36.365 [DEBUG] [main] c.w.d.a.ApplicationReadyEventListener ApplicationReadyEventListener.java.20 - ......ApplicationReadyEvent......
2019-01-21 16:42:36.365 [WARN ] [main] c.w.d.a.ApplicationReadyEventListener ApplicationReadyEventListener.java.22 - ......ApplicationReadyEvent......
2019-01-21 16:42:36.365 [ERROR] [main] c.w.d.a.ApplicationReadyEventListener ApplicationReadyEventListener.java.23 - ......ApplicationReadyEvent......
2019-01-21 17:00:56.798 [INFO ] [main] com.wanghan.demo.DemoApplication StartupInfoLogger.java.50 - Starting DemoApplication on jamdeMacBook-Pro.local with PID 90917 (/Users/jamwang/Documents/dev/demo_springboot/target/classes started by jamwang in /Users/jamwang/Documents/dev/demo_springboot)
2019-01-21 17:00:56.803 [DEBUG] [main] com.wanghan.demo.DemoApplication StartupInfoLogger.java.53 - Running with Spring Boot v2.1.2.RELEASE, Spring v5.1.4.RELEASE
2019-01-21 17:00:56.803 [INFO ] [main] com.wanghan.demo.DemoApplication SpringApplication.java.679 - The following profiles are active: dev
2019-01-21 17:01:00.911 [INFO ] [main] com.wanghan.demo.DemoApplication StartupInfoLogger.java.59 - Started DemoApplication in 5.674 seconds (JVM running for 6.977)
2019-01-21 17:01:00.913 [INFO ] [main] c.w.d.a.ApplicationReadyEventListener ApplicationReadyEventListener.java.19 - ......ApplicationReadyEvent......
2019-01-21 17:01:00.914 [DEBUG] [main] c.w.d.a.ApplicationReadyEventListener ApplicationReadyEventListener.java.20 - ......ApplicationReadyEvent......
2019-01-21 17:01:00.914 [WARN ] [main] c.w.d.a.ApplicationReadyEventListener ApplicationReadyEventListener.java.22 - ......ApplicationReadyEvent......
2019-01-21 17:01:00.914 [ERROR] [main] c.w.d.a.ApplicationReadyEventListener ApplicationReadyEventListener.java.23 - ......ApplicationReadyEvent......
2019-01-21 17:04:09.010 [INFO ] [main] com.wanghan.demo.DemoApplication StartupInfoLogger.java.50 - Starting DemoApplication on jamdeMacBook-Pro.local with PID 91023 (/Users/jamwang/Documents/dev/demo_springboot/target/classes started by jamwang in /Users/jamwang/Documents/dev/demo_springboot)
2019-01-21 17:04:09.013 [DEBUG] [main] com.wanghan.demo.DemoApplication StartupInfoLogger.java.53 - Running with Spring Boot v2.1.2.RELEASE, Spring v5.1.4.RELEASE
2019-01-21 17:04:09.013 [INFO ] [main] com.wanghan.demo.DemoApplication SpringApplication.java.679 - The following profiles are active: dev
2019-01-21 17:04:12.492 [INFO ] [main] com.wanghan.demo.DemoApplication StartupInfoLogger.java.59 - Started DemoApplication in 4.296 seconds (JVM running for 5.234)
2019-01-21 17:04:12.494 [INFO ] [main] c.w.d.a.ApplicationReadyEventListener ApplicationReadyEventListener.java.19 - ......ApplicationReadyEvent......
2019-01-21 17:04:12.494 [DEBUG] [main] c.w.d.a.ApplicationReadyEventListener ApplicationReadyEventListener.java.20 - ......ApplicationReadyEvent......
2019-01-21 17:04:12.494 [WARN ] [main] c.w.d.a.ApplicationReadyEventListener ApplicationReadyEventListener.java.22 - ......ApplicationReadyEvent......
2019-01-21 17:04:12.494 [ERROR] [main] c.w.d.a.ApplicationReadyEventListener ApplicationReadyEventListener.java.23 - ......ApplicationReadyEvent......
2019-01-21 17:04:40.488 [DEBUG] [http-nio-8887-exec-6] c.w.demo.dao.UserMapper.findByName BaseJdbcLogger.java.159 - ==>  Preparing: select *from zk_userinfo where account = ? 
2019-01-21 17:04:40.673 [DEBUG] [http-nio-8887-exec-6] c.w.demo.dao.UserMapper.findByName BaseJdbcLogger.java.159 - ==> Parameters: iDeal_test005(String)
2019-01-21 17:04:40.702 [DEBUG] [http-nio-8887-exec-6] c.w.demo.dao.UserMapper.findByName BaseJdbcLogger.java.159 - <==      Total: 1
2019-01-21 17:06:00.159 [DEBUG] [http-nio-8887-exec-4] c.w.demo.dao.UserMapper.findByName BaseJdbcLogger.java.159 - ==>  Preparing: select *from zk_userinfo where account = ? 
2019-01-21 17:06:00.160 [DEBUG] [http-nio-8887-exec-4] c.w.demo.dao.UserMapper.findByName BaseJdbcLogger.java.159 - ==> Parameters: iDeal_test005(String)
2019-01-21 17:06:00.169 [DEBUG] [http-nio-8887-exec-4] c.w.demo.dao.UserMapper.findByName BaseJdbcLogger.java.159 - <==      Total: 1
2019-01-21 17:06:14.337 [DEBUG] [http-nio-8887-exec-9] c.w.demo.dao.UserMapper.findByName BaseJdbcLogger.java.159 - ==>  Preparing: select *from zk_userinfo where account = ? 
2019-01-21 17:06:14.338 [DEBUG] [http-nio-8887-exec-9] c.w.demo.dao.UserMapper.findByName BaseJdbcLogger.java.159 - ==> Parameters: iDeal_test005(String)
2019-01-21 17:06:14.361 [DEBUG] [http-nio-8887-exec-9] c.w.demo.dao.UserMapper.findByName BaseJdbcLogger.java.159 - <==      Total: 1
2019-01-21 17:06:21.855 [DEBUG] [http-nio-8887-exec-1] c.w.demo.dao.UserMapper.findByName BaseJdbcLogger.java.159 - ==>  Preparing: select *from zk_userinfo where account = ? 
2019-01-21 17:06:21.856 [DEBUG] [http-nio-8887-exec-1] c.w.demo.dao.UserMapper.findByName BaseJdbcLogger.java.159 - ==> Parameters: iDeal_test005(String)
2019-01-21 17:06:21.868 [DEBUG] [http-nio-8887-exec-1] c.w.demo.dao.UserMapper.findByName BaseJdbcLogger.java.159 - <==      Total: 1
2019-01-21 17:06:27.324 [DEBUG] [http-nio-8887-exec-4] c.w.demo.dao.UserMapper.findByName BaseJdbcLogger.java.159 - ==>  Preparing: select *from zk_userinfo where account = ? 
2019-01-21 17:06:27.325 [DEBUG] [http-nio-8887-exec-4] c.w.demo.dao.UserMapper.findByName BaseJdbcLogger.java.159 - ==> Parameters: iDeal_test005(String)
2019-01-21 17:06:27.527 [DEBUG] [http-nio-8887-exec-4] c.w.demo.dao.UserMapper.findByName BaseJdbcLogger.java.159 - <==      Total: 1
2019-01-21 17:06:36.737 [DEBUG] [http-nio-8887-exec-7] c.w.demo.dao.UserMapper.findByName BaseJdbcLogger.java.159 - ==>  Preparing: select *from zk_userinfo where account = ? 
2019-01-21 17:06:36.737 [DEBUG] [http-nio-8887-exec-7] c.w.demo.dao.UserMapper.findByName BaseJdbcLogger.java.159 - ==> Parameters: iDeal_test005(String)
2019-01-21 17:06:36.751 [DEBUG] [http-nio-8887-exec-7] c.w.demo.dao.UserMapper.findByName BaseJdbcLogger.java.159 - <==      Total: 1
2019-01-21 17:06:38.268 [DEBUG] [http-nio-8887-exec-9] c.w.demo.dao.UserMapper.findByName BaseJdbcLogger.java.159 - ==>  Preparing: select *from zk_userinfo where account = ? 
2019-01-21 17:06:38.269 [DEBUG] [http-nio-8887-exec-9] c.w.demo.dao.UserMapper.findByName BaseJdbcLogger.java.159 - ==> Parameters: iDeal_test005(String)
2019-01-21 17:06:38.297 [DEBUG] [http-nio-8887-exec-9] c.w.demo.dao.UserMapper.findByName BaseJdbcLogger.java.159 - <==      Total: 1
2019-01-21 17:06:42.187 [DEBUG] [http-nio-8887-exec-1] c.w.demo.dao.UserMapper.findByName BaseJdbcLogger.java.159 - ==>  Preparing: select *from zk_userinfo where account = ? 
2019-01-21 17:06:42.188 [DEBUG] [http-nio-8887-exec-1] c.w.demo.dao.UserMapper.findByName BaseJdbcLogger.java.159 - ==> Parameters: iDeal_test005(String)
2019-01-21 17:06:42.200 [DEBUG] [http-nio-8887-exec-1] c.w.demo.dao.UserMapper.findByName BaseJdbcLogger.java.159 - <==      Total: 1
2019-01-21 17:06:47.459 [DEBUG] [http-nio-8887-exec-3] c.w.demo.dao.UserMapper.findByName BaseJdbcLogger.java.159 - ==>  Preparing: select *from zk_userinfo where account = ? 
2019-01-21 17:06:47.460 [DEBUG] [http-nio-8887-exec-3] c.w.demo.dao.UserMapper.findByName BaseJdbcLogger.java.159 - ==> Parameters: iDeal_test005(String)
2019-01-21 17:06:47.468 [DEBUG] [http-nio-8887-exec-3] c.w.demo.dao.UserMapper.findByName BaseJdbcLogger.java.159 - <==      Total: 1
2019-01-21 17:06:49.473 [DEBUG] [http-nio-8887-exec-5] c.w.demo.dao.UserMapper.findByName BaseJdbcLogger.java.159 - ==>  Preparing: select *from zk_userinfo where account = ? 
2019-01-21 17:06:49.474 [DEBUG] [http-nio-8887-exec-5] c.w.demo.dao.UserMapper.findByName BaseJdbcLogger.java.159 - ==> Parameters: iDeal_test005(String)
2019-01-21 17:06:49.496 [DEBUG] [http-nio-8887-exec-5] c.w.demo.dao.UserMapper.findByName BaseJdbcLogger.java.159 - <==      Total: 1
2019-01-21 17:10:16.827 [INFO ] [main] com.wanghan.demo.DemoApplication StartupInfoLogger.java.50 - Starting DemoApplication on jamdeMacBook-Pro.local with PID 91211 (/Users/jamwang/Documents/dev/demo_springboot/target/classes started by jamwang in /Users/jamwang/Documents/dev/demo_springboot)
2019-01-21 17:10:16.836 [DEBUG] [main] com.wanghan.demo.DemoApplication StartupInfoLogger.java.53 - Running with Spring Boot v2.1.2.RELEASE, Spring v5.1.4.RELEASE
2019-01-21 17:10:16.850 [INFO ] [main] com.wanghan.demo.DemoApplication SpringApplication.java.679 - The following profiles are active: dev
2019-01-21 17:10:20.078 [INFO ] [main] com.wanghan.demo.DemoApplication StartupInfoLogger.java.59 - Started DemoApplication in 4.358 seconds (JVM running for 5.624)
2019-01-21 17:10:20.080 [INFO ] [main] c.w.d.a.ApplicationReadyEventListener ApplicationReadyEventListener.java.19 - ......ApplicationReadyEvent......
2019-01-21 17:10:20.080 [DEBUG] [main] c.w.d.a.ApplicationReadyEventListener ApplicationReadyEventListener.java.20 - ......ApplicationReadyEvent......
2019-01-21 17:10:20.080 [WARN ] [main] c.w.d.a.ApplicationReadyEventListener ApplicationReadyEventListener.java.22 - ......ApplicationReadyEvent......
2019-01-21 17:10:20.081 [ERROR] [main] c.w.d.a.ApplicationReadyEventListener ApplicationReadyEventListener.java.23 - ......ApplicationReadyEvent......
2019-01-21 17:10:50.334 [DEBUG] [http-nio-8887-exec-3] c.w.demo.dao.UserMapper.findByName BaseJdbcLogger.java.159 - ==>  Preparing: select *from zk_userinfo where account = ? 
2019-01-21 17:10:50.489 [DEBUG] [http-nio-8887-exec-3] c.w.demo.dao.UserMapper.findByName BaseJdbcLogger.java.159 - ==> Parameters: iDeal_test005(String)
2019-01-21 17:10:50.521 [DEBUG] [http-nio-8887-exec-3] c.w.demo.dao.UserMapper.findByName BaseJdbcLogger.java.159 - <==      Total: 1
2019-01-21 17:17:30.363 [DEBUG] [http-nio-8887-exec-7] c.w.demo.dao.UserMapper.findByName BaseJdbcLogger.java.159 - ==>  Preparing: select *from zk_userinfo where account = ? 
2019-01-21 17:17:30.364 [DEBUG] [http-nio-8887-exec-7] c.w.demo.dao.UserMapper.findByName BaseJdbcLogger.java.159 - ==> Parameters: iDeal_test005(String)
2019-01-21 17:17:30.370 [DEBUG] [http-nio-8887-exec-7] c.w.demo.dao.UserMapper.findByName BaseJdbcLogger.java.159 - <==      Total: 1
2019-01-21 17:18:03.049 [DEBUG] [http-nio-8887-exec-9] c.w.demo.dao.UserMapper.findByName BaseJdbcLogger.java.159 - ==>  Preparing: select *from zk_userinfo where account = ? 
2019-01-21 17:18:03.049 [DEBUG] [http-nio-8887-exec-9] c.w.demo.dao.UserMapper.findByName BaseJdbcLogger.java.159 - ==> Parameters: iDeal_test005(String)
2019-01-21 17:18:03.056 [DEBUG] [http-nio-8887-exec-9] c.w.demo.dao.UserMapper.findByName BaseJdbcLogger.java.159 - <==      Total: 1
2019-01-21 17:18:06.316 [DEBUG] [http-nio-8887-exec-2] c.w.demo.dao.UserMapper.findByName BaseJdbcLogger.java.159 - ==>  Preparing: select *from zk_userinfo where account = ? 
2019-01-21 17:18:06.317 [DEBUG] [http-nio-8887-exec-2] c.w.demo.dao.UserMapper.findByName BaseJdbcLogger.java.159 - ==> Parameters: iDeal_test005(String)
2019-01-21 17:18:06.325 [DEBUG] [http-nio-8887-exec-2] c.w.demo.dao.UserMapper.findByName BaseJdbcLogger.java.159 - <==      Total: 1
2019-01-21 17:18:07.181 [DEBUG] [http-nio-8887-exec-4] c.w.demo.dao.UserMapper.findByName BaseJdbcLogger.java.159 - ==>  Preparing: select *from zk_userinfo where account = ? 
2019-01-21 17:18:07.182 [DEBUG] [http-nio-8887-exec-4] c.w.demo.dao.UserMapper.findByName BaseJdbcLogger.java.159 - ==> Parameters: iDeal_test005(String)
2019-01-21 17:18:07.191 [DEBUG] [http-nio-8887-exec-4] c.w.demo.dao.UserMapper.findByName BaseJdbcLogger.java.159 - <==      Total: 1
2019-01-21 17:18:07.892 [DEBUG] [http-nio-8887-exec-5] c.w.demo.dao.UserMapper.findByName BaseJdbcLogger.java.159 - ==>  Preparing: select *from zk_userinfo where account = ? 
2019-01-21 17:18:07.892 [DEBUG] [http-nio-8887-exec-5] c.w.demo.dao.UserMapper.findByName BaseJdbcLogger.java.159 - ==> Parameters: iDeal_test005(String)
2019-01-21 17:18:07.906 [DEBUG] [http-nio-8887-exec-5] c.w.demo.dao.UserMapper.findByName BaseJdbcLogger.java.159 - <==      Total: 1
2019-01-21 17:18:08.519 [DEBUG] [http-nio-8887-exec-6] c.w.demo.dao.UserMapper.findByName BaseJdbcLogger.java.159 - ==>  Preparing: select *from zk_userinfo where account = ? 
2019-01-21 17:18:08.520 [DEBUG] [http-nio-8887-exec-6] c.w.demo.dao.UserMapper.findByName BaseJdbcLogger.java.159 - ==> Parameters: iDeal_test005(String)
2019-01-21 17:18:08.530 [DEBUG] [http-nio-8887-exec-6] c.w.demo.dao.UserMapper.findByName BaseJdbcLogger.java.159 - <==      Total: 1
2019-01-21 17:18:09.232 [DEBUG] [http-nio-8887-exec-9] c.w.demo.dao.UserMapper.findByName BaseJdbcLogger.java.159 - ==>  Preparing: select *from zk_userinfo where account = ? 
2019-01-21 17:18:09.233 [DEBUG] [http-nio-8887-exec-9] c.w.demo.dao.UserMapper.findByName BaseJdbcLogger.java.159 - ==> Parameters: iDeal_test005(String)
2019-01-21 17:18:09.240 [DEBUG] [http-nio-8887-exec-9] c.w.demo.dao.UserMapper.findByName BaseJdbcLogger.java.159 - <==      Total: 1
2019-01-21 17:18:10.186 [DEBUG] [http-nio-8887-exec-7] c.w.demo.dao.UserMapper.findByName BaseJdbcLogger.java.159 - ==>  Preparing: select *from zk_userinfo where account = ? 
2019-01-21 17:18:10.187 [DEBUG] [http-nio-8887-exec-7] c.w.demo.dao.UserMapper.findByName BaseJdbcLogger.java.159 - ==> Parameters: iDeal_test005(String)
2019-01-21 17:18:10.338 [DEBUG] [http-nio-8887-exec-7] c.w.demo.dao.UserMapper.findByName BaseJdbcLogger.java.159 - <==      Total: 1
2019-01-21 17:18:11.179 [DEBUG] [http-nio-8887-exec-8] c.w.demo.dao.UserMapper.findByName BaseJdbcLogger.java.159 - ==>  Preparing: select *from zk_userinfo where account = ? 
2019-01-21 17:18:11.180 [DEBUG] [http-nio-8887-exec-8] c.w.demo.dao.UserMapper.findByName BaseJdbcLogger.java.159 - ==> Parameters: iDeal_test005(String)
2019-01-21 17:18:11.361 [DEBUG] [http-nio-8887-exec-8] c.w.demo.dao.UserMapper.findByName BaseJdbcLogger.java.159 - <==      Total: 1
2019-01-21 18:05:45.783 [INFO ] [main] c.wanghan.demo.DemoApplicationTests StartupInfoLogger.java.50 - Starting DemoApplicationTests on jamdeMacBook-Pro.local with PID 92805 (started by jamwang in /Users/jamwang/Documents/dev/demo_springboot)
2019-01-21 18:05:45.786 [DEBUG] [main] c.wanghan.demo.DemoApplicationTests StartupInfoLogger.java.53 - Running with Spring Boot v2.1.2.RELEASE, Spring v5.1.4.RELEASE
2019-01-21 18:05:45.801 [INFO ] [main] c.wanghan.demo.DemoApplicationTests SpringApplication.java.679 - The following profiles are active: dev
2019-01-21 18:06:15.597 [INFO ] [main] c.wanghan.demo.DemoApplicationTests StartupInfoLogger.java.50 - Starting DemoApplicationTests on jamdeMacBook-Pro.local with PID 92852 (started by jamwang in /Users/jamwang/Documents/dev/demo_springboot)
2019-01-21 18:06:15.599 [DEBUG] [main] c.wanghan.demo.DemoApplicationTests StartupInfoLogger.java.53 - Running with Spring Boot v2.1.2.RELEASE, Spring v5.1.4.RELEASE
2019-01-21 18:06:15.600 [INFO ] [main] c.wanghan.demo.DemoApplicationTests SpringApplication.java.679 - The following profiles are active: dev
2019-01-21 18:06:58.031 [INFO ] [main] c.wanghan.demo.DemoApplicationTests StartupInfoLogger.java.50 - Starting DemoApplicationTests on jamdeMacBook-Pro.local with PID 92945 (started by jamwang in /Users/jamwang/Documents/dev/demo_springboot)
2019-01-21 18:06:58.034 [DEBUG] [main] c.wanghan.demo.DemoApplicationTests StartupInfoLogger.java.53 - Running with Spring Boot v2.1.2.RELEASE, Spring v5.1.4.RELEASE
2019-01-21 18:06:58.035 [INFO ] [main] c.wanghan.demo.DemoApplicationTests SpringApplication.java.679 - The following profiles are active: dev
2019-01-21 18:07:02.851 [INFO ] [main] c.wanghan.demo.DemoApplicationTests StartupInfoLogger.java.59 - Started DemoApplicationTests in 5.673 seconds (JVM running for 7.075)
2019-01-21 18:07:03.289 [DEBUG] [main] c.w.demo.dao.UserMapper.findByName BaseJdbcLogger.java.159 - ==>  Preparing: select *from zk_userinfo where account = ? 
2019-01-21 18:07:03.579 [DEBUG] [main] c.w.demo.dao.UserMapper.findByName BaseJdbcLogger.java.159 - ==> Parameters: iDeal_test005(String)
2019-01-21 18:07:03.622 [DEBUG] [main] c.w.demo.dao.UserMapper.findByName BaseJdbcLogger.java.159 - <==      Total: 1
2019-01-21 18:10:31.417 [INFO ] [main] c.wanghan.demo.DemoApplicationTests StartupInfoLogger.java.50 - Starting DemoApplicationTests on jamdeMacBook-Pro.local with PID 93058 (started by jamwang in /Users/jamwang/Documents/dev/demo_springboot)
2019-01-21 18:10:31.419 [DEBUG] [main] c.wanghan.demo.DemoApplicationTests StartupInfoLogger.java.53 - Running with Spring Boot v2.1.2.RELEASE, Spring v5.1.4.RELEASE
2019-01-21 18:10:31.419 [INFO ] [main] c.wanghan.demo.DemoApplicationTests SpringApplication.java.679 - The following profiles are active: dev
2019-01-21 18:10:37.310 [INFO ] [main] c.wanghan.demo.DemoApplicationTests StartupInfoLogger.java.59 - Started DemoApplicationTests in 6.914 seconds (JVM running for 8.215)
2019-01-21 18:10:37.688 [DEBUG] [main] c.w.demo.dao.UserMapper.findByName BaseJdbcLogger.java.159 - ==>  Preparing: select *from zk_userinfo where account = ? 
2019-01-21 18:10:38.038 [DEBUG] [main] c.w.demo.dao.UserMapper.findByName BaseJdbcLogger.java.159 - ==> Parameters: iDeal_test005(String)
2019-01-21 18:10:38.160 [DEBUG] [main] c.w.demo.dao.UserMapper.findByName BaseJdbcLogger.java.159 - <==      Total: 1
2019-01-21 18:11:39.024 [INFO ] [main] c.wanghan.demo.DemoApplicationTests StartupInfoLogger.java.50 - Starting DemoApplicationTests on jamdeMacBook-Pro.local with PID 93099 (started by jamwang in /Users/jamwang/Documents/dev/demo_springboot)
2019-01-21 18:11:39.025 [DEBUG] [main] c.wanghan.demo.DemoApplicationTests StartupInfoLogger.java.53 - Running with Spring Boot v2.1.2.RELEASE, Spring v5.1.4.RELEASE
2019-01-21 18:11:39.026 [INFO ] [main] c.wanghan.demo.DemoApplicationTests SpringApplication.java.679 - The following profiles are active: dev
2019-01-21 18:11:43.649 [INFO ] [main] c.wanghan.demo.DemoApplicationTests StartupInfoLogger.java.59 - Started DemoApplicationTests in 5.498 seconds (JVM running for 6.533)
2019-01-21 18:11:44.217 [DEBUG] [main] c.w.demo.dao.UserMapper.findByName BaseJdbcLogger.java.159 - ==>  Preparing: select *from zk_userinfo where account = ? 
2019-01-21 18:11:44.601 [DEBUG] [main] c.w.demo.dao.UserMapper.findByName BaseJdbcLogger.java.159 - ==> Parameters: iDeal_test005(String)
2019-01-21 18:11:44.676 [DEBUG] [main] c.w.demo.dao.UserMapper.findByName BaseJdbcLogger.java.159 - <==      Total: 1
2019-01-21 18:12:41.803 [INFO ] [main] c.wanghan.demo.DemoApplicationTests StartupInfoLogger.java.50 - Starting DemoApplicationTests on jamdeMacBook-Pro.local with PID 93140 (started by jamwang in /Users/jamwang/Documents/dev/demo_springboot)
2019-01-21 18:12:41.805 [DEBUG] [main] c.wanghan.demo.DemoApplicationTests StartupInfoLogger.java.53 - Running with Spring Boot v2.1.2.RELEASE, Spring v5.1.4.RELEASE
2019-01-21 18:12:41.806 [INFO ] [main] c.wanghan.demo.DemoApplicationTests SpringApplication.java.679 - The following profiles are active: dev
2019-01-21 18:12:47.060 [INFO ] [main] c.wanghan.demo.DemoApplicationTests StartupInfoLogger.java.59 - Started DemoApplicationTests in 6.134 seconds (JVM running for 7.548)
2019-01-21 18:12:47.575 [DEBUG] [main] c.w.demo.dao.UserMapper.findByName BaseJdbcLogger.java.159 - ==>  Preparing: select *from zk_userinfo where account = ? 
2019-01-21 18:12:47.956 [DEBUG] [main] c.w.demo.dao.UserMapper.findByName BaseJdbcLogger.java.159 - ==> Parameters: iDeal_test005(String)
2019-01-21 18:12:48.024 [DEBUG] [main] c.w.demo.dao.UserMapper.findByName BaseJdbcLogger.java.159 - <==      Total: 1
2019-01-21 18:13:22.167 [INFO ] [main] c.wanghan.demo.DemoApplicationTests StartupInfoLogger.java.50 - Starting DemoApplicationTests on jamdeMacBook-Pro.local with PID 93170 (started by jamwang in /Users/jamwang/Documents/dev/demo_springboot)
2019-01-21 18:13:22.169 [DEBUG] [main] c.wanghan.demo.DemoApplicationTests StartupInfoLogger.java.53 - Running with Spring Boot v2.1.2.RELEASE, Spring v5.1.4.RELEASE
2019-01-21 18:13:22.170 [INFO ] [main] c.wanghan.demo.DemoApplicationTests SpringApplication.java.679 - The following profiles are active: dev
2019-01-21 18:13:28.497 [INFO ] [main] c.wanghan.demo.DemoApplicationTests StartupInfoLogger.java.59 - Started DemoApplicationTests in 7.152 seconds (JVM running for 8.308)
2019-01-21 18:13:28.962 [DEBUG] [main] c.w.demo.dao.UserMapper.findByName BaseJdbcLogger.java.159 - ==>  Preparing: select *from zk_userinfo where account = ? 
2019-01-21 18:13:29.375 [DEBUG] [main] c.w.demo.dao.UserMapper.findByName BaseJdbcLogger.java.159 - ==> Parameters: iDeal_test005(String)
2019-01-21 18:13:29.450 [DEBUG] [main] c.w.demo.dao.UserMapper.findByName BaseJdbcLogger.java.159 - <==      Total: 1
2019-01-21 18:14:04.424 [INFO ] [main] com.wanghan.demo.DemoApplication StartupInfoLogger.java.50 - Starting DemoApplication on jamdeMacBook-Pro.local with PID 93201 (/Users/jamwang/Documents/dev/demo_springboot/target/classes started by jamwang in /Users/jamwang/Documents/dev/demo_springboot)
2019-01-21 18:14:04.430 [DEBUG] [main] com.wanghan.demo.DemoApplication StartupInfoLogger.java.53 - Running with Spring Boot v2.1.2.RELEASE, Spring v5.1.4.RELEASE
2019-01-21 18:14:04.430 [INFO ] [main] com.wanghan.demo.DemoApplication SpringApplication.java.679 - The following profiles are active: dev
2019-01-21 18:14:07.654 [INFO ] [main] com.wanghan.demo.DemoApplication StartupInfoLogger.java.59 - Started DemoApplication in 4.314 seconds (JVM running for 5.563)
2019-01-21 18:14:07.656 [INFO ] [main] c.w.d.a.ApplicationReadyEventListener ApplicationReadyEventListener.java.19 - ......ApplicationReadyEvent......
2019-01-21 18:14:07.656 [DEBUG] [main] c.w.d.a.ApplicationReadyEventListener ApplicationReadyEventListener.java.20 - ......ApplicationReadyEvent......
2019-01-21 18:14:07.656 [WARN ] [main] c.w.d.a.ApplicationReadyEventListener ApplicationReadyEventListener.java.22 - ......ApplicationReadyEvent......
2019-01-21 18:14:07.656 [ERROR] [main] c.w.d.a.ApplicationReadyEventListener ApplicationReadyEventListener.java.23 - ......ApplicationReadyEvent......
2019-01-21 18:14:16.402 [DEBUG] [http-nio-8887-exec-2] c.w.demo.dao.UserMapper.findByName BaseJdbcLogger.java.159 - ==>  Preparing: select *from zk_userinfo where account = ? 
2019-01-21 18:14:16.555 [DEBUG] [http-nio-8887-exec-2] c.w.demo.dao.UserMapper.findByName BaseJdbcLogger.java.159 - ==> Parameters: iDeal_test005(String)
2019-01-21 18:14:16.597 [DEBUG] [http-nio-8887-exec-2] c.w.demo.dao.UserMapper.findByName BaseJdbcLogger.java.159 - <==      Total: 1
2019-01-21 18:14:18.610 [DEBUG] [http-nio-8887-exec-3] c.w.demo.dao.UserMapper.findByName BaseJdbcLogger.java.159 - ==>  Preparing: select *from zk_userinfo where account = ? 
2019-01-21 18:14:18.614 [DEBUG] [http-nio-8887-exec-3] c.w.demo.dao.UserMapper.findByName BaseJdbcLogger.java.159 - ==> Parameters: iDeal_test005(String)
2019-01-21 18:14:18.621 [DEBUG] [http-nio-8887-exec-3] c.w.demo.dao.UserMapper.findByName BaseJdbcLogger.java.159 - <==      Total: 1
2019-01-21 18:14:22.793 [DEBUG] [http-nio-8887-exec-5] c.w.demo.dao.UserMapper.findByName BaseJdbcLogger.java.159 - ==>  Preparing: select *from zk_userinfo where account = ? 
2019-01-21 18:14:22.795 [DEBUG] [http-nio-8887-exec-5] c.w.demo.dao.UserMapper.findByName BaseJdbcLogger.java.159 - ==> Parameters: iDeal_test005(String)
2019-01-21 18:14:22.914 [DEBUG] [http-nio-8887-exec-5] c.w.demo.dao.UserMapper.findByName BaseJdbcLogger.java.159 - <==      Total: 1
2019-01-21 18:16:16.381 [INFO ] [main] c.wanghan.demo.DemoApplicationTests StartupInfoLogger.java.50 - Starting DemoApplicationTests on jamdeMacBook-Pro.local with PID 93273 (started by jamwang in /Users/jamwang/Documents/dev/demo_springboot)
2019-01-21 18:16:16.389 [DEBUG] [main] c.wanghan.demo.DemoApplicationTests StartupInfoLogger.java.53 - Running with Spring Boot v2.1.2.RELEASE, Spring v5.1.4.RELEASE
2019-01-21 18:16:16.390 [INFO ] [main] c.wanghan.demo.DemoApplicationTests SpringApplication.java.679 - The following profiles are active: dev
2019-01-21 18:16:22.531 [INFO ] [main] c.wanghan.demo.DemoApplicationTests StartupInfoLogger.java.59 - Started DemoApplicationTests in 7.263 seconds (JVM running for 8.374)
2019-01-21 18:16:23.018 [DEBUG] [main] c.w.demo.dao.UserMapper.findByName BaseJdbcLogger.java.159 - ==>  Preparing: select *from zk_userinfo where account = ? 
2019-01-21 18:16:23.359 [DEBUG] [main] c.w.demo.dao.UserMapper.findByName BaseJdbcLogger.java.159 - ==> Parameters: iDeal_test005(String)
2019-01-21 18:16:23.412 [DEBUG] [main] c.w.demo.dao.UserMapper.findByName BaseJdbcLogger.java.159 - <==      Total: 1
2019-01-21 18:20:56.152 [INFO ] [main] c.wanghan.demo.DemoApplicationTests StartupInfoLogger.java.50 - Starting DemoApplicationTests on jamdeMacBook-Pro.local with PID 93408 (started by jamwang in /Users/jamwang/Documents/dev/demo_springboot)
2019-01-21 18:20:56.158 [DEBUG] [main] c.wanghan.demo.DemoApplicationTests StartupInfoLogger.java.53 - Running with Spring Boot v2.1.2.RELEASE, Spring v5.1.4.RELEASE
2019-01-21 18:20:56.158 [INFO ] [main] c.wanghan.demo.DemoApplicationTests SpringApplication.java.679 - The following profiles are active: dev
2019-01-21 18:21:03.013 [INFO ] [main] c.wanghan.demo.DemoApplicationTests StartupInfoLogger.java.59 - Started DemoApplicationTests in 8.861 seconds (JVM running for 12.311)
2019-01-21 18:22:41.107 [INFO ] [main] c.wanghan.demo.DemoApplicationTests StartupInfoLogger.java.50 - Starting DemoApplicationTests on jamdeMacBook-Pro.local with PID 93457 (started by jamwang in /Users/jamwang/Documents/dev/demo_springboot)
2019-01-21 18:22:41.110 [DEBUG] [main] c.wanghan.demo.DemoApplicationTests StartupInfoLogger.java.53 - Running with Spring Boot v2.1.2.RELEASE, Spring v5.1.4.RELEASE
2019-01-21 18:22:41.111 [INFO ] [main] c.wanghan.demo.DemoApplicationTests SpringApplication.java.679 - The following profiles are active: dev
2019-01-21 18:22:51.744 [INFO ] [main] c.wanghan.demo.DemoApplicationTests StartupInfoLogger.java.59 - Started DemoApplicationTests in 13.098 seconds (JVM running for 16.035)
2019-01-21 18:24:45.495 [INFO ] [main] c.wanghan.demo.DemoApplicationTests StartupInfoLogger.java.50 - Starting DemoApplicationTests on jamdeMacBook-Pro.local with PID 93517 (started by jamwang in /Users/jamwang/Documents/dev/demo_springboot)
2019-01-21 18:24:45.500 [DEBUG] [main] c.wanghan.demo.DemoApplicationTests StartupInfoLogger.java.53 - Running with Spring Boot v2.1.2.RELEASE, Spring v5.1.4.RELEASE
2019-01-21 18:24:45.500 [INFO ] [main] c.wanghan.demo.DemoApplicationTests SpringApplication.java.679 - The following profiles are active: dev
2019-01-21 18:24:53.736 [INFO ] [main] c.wanghan.demo.DemoApplicationTests StartupInfoLogger.java.59 - Started DemoApplicationTests in 11.151 seconds (JVM running for 14.63)
2019-01-21 18:25:36.977 [INFO ] [main] c.wanghan.demo.DemoApplicationTests StartupInfoLogger.java.50 - Starting DemoApplicationTests on jamdeMacBook-Pro.local with PID 93542 (started by jamwang in /Users/jamwang/Documents/dev/demo_springboot)
2019-01-21 18:25:36.981 [DEBUG] [main] c.wanghan.demo.DemoApplicationTests StartupInfoLogger.java.53 - Running with Spring Boot v2.1.2.RELEASE, Spring v5.1.4.RELEASE
2019-01-21 18:25:36.982 [INFO ] [main] c.wanghan.demo.DemoApplicationTests SpringApplication.java.679 - The following profiles are active: dev
2019-01-21 18:25:43.636 [INFO ] [main] c.wanghan.demo.DemoApplicationTests StartupInfoLogger.java.59 - Started DemoApplicationTests in 9.407 seconds (JVM running for 12.145)
2019-01-21 18:26:51.385 [INFO ] [main] c.wanghan.demo.DemoApplicationTests StartupInfoLogger.java.50 - Starting DemoApplicationTests on jamdeMacBook-Pro.local with PID 93579 (started by jamwang in /Users/jamwang/Documents/dev/demo_springboot)
2019-01-21 18:26:51.387 [DEBUG] [main] c.wanghan.demo.DemoApplicationTests StartupInfoLogger.java.53 - Running with Spring Boot v2.1.2.RELEASE, Spring v5.1.4.RELEASE
2019-01-21 18:26:51.388 [INFO ] [main] c.wanghan.demo.DemoApplicationTests SpringApplication.java.679 - The following profiles are active: dev
2019-01-21 18:26:57.635 [INFO ] [main] c.wanghan.demo.DemoApplicationTests StartupInfoLogger.java.59 - Started DemoApplicationTests in 7.581 seconds (JVM running for 9.192)
2019-01-21 18:26:58.068 [DEBUG] [main] c.w.demo.dao.UserMapper.findByName BaseJdbcLogger.java.159 - ==>  Preparing: select *from zk_userinfo where account = ? 
2019-01-21 18:26:58.551 [DEBUG] [main] c.w.demo.dao.UserMapper.findByName BaseJdbcLogger.java.159 - ==> Parameters: iDeal_test005(String)
2019-01-21 18:26:58.596 [DEBUG] [main] c.w.demo.dao.UserMapper.findByName BaseJdbcLogger.java.159 - <==      Total: 1
2019-01-21 18:29:04.119 [INFO ] [main] c.wanghan.demo.DemoApplicationTests StartupInfoLogger.java.50 - Starting DemoApplicationTests on jamdeMacBook-Pro.local with PID 93650 (started by jamwang in /Users/jamwang/Documents/dev/demo_springboot)
2019-01-21 18:29:04.122 [DEBUG] [main] c.wanghan.demo.DemoApplicationTests StartupInfoLogger.java.53 - Running with Spring Boot v2.1.2.RELEASE, Spring v5.1.4.RELEASE
2019-01-21 18:29:04.123 [INFO ] [main] c.wanghan.demo.DemoApplicationTests SpringApplication.java.679 - The following profiles are active: dev
2019-01-21 18:29:10.066 [INFO ] [main] c.wanghan.demo.DemoApplicationTests StartupInfoLogger.java.59 - Started DemoApplicationTests in 6.923 seconds (JVM running for 8.032)
2019-01-21 18:29:10.615 [DEBUG] [main] c.w.demo.dao.UserMapper.findByName BaseJdbcLogger.java.159 - ==>  Preparing: select *from zk_userinfo where account = ? 
2019-01-21 18:29:11.085 [DEBUG] [main] c.w.demo.dao.UserMapper.findByName BaseJdbcLogger.java.159 - ==> Parameters: iDeal_test005(String)
2019-01-21 18:29:11.135 [DEBUG] [main] c.w.demo.dao.UserMapper.findByName BaseJdbcLogger.java.159 - <==      Total: 1
2019-01-21 18:29:46.558 [INFO ] [main] c.wanghan.demo.DemoApplicationTests StartupInfoLogger.java.50 - Starting DemoApplicationTests on jamdeMacBook-Pro.local with PID 93681 (started by jamwang in /Users/jamwang/Documents/dev/demo_springboot)
2019-01-21 18:29:46.560 [DEBUG] [main] c.wanghan.demo.DemoApplicationTests StartupInfoLogger.java.53 - Running with Spring Boot v2.1.2.RELEASE, Spring v5.1.4.RELEASE
2019-01-21 18:29:46.561 [INFO ] [main] c.wanghan.demo.DemoApplicationTests SpringApplication.java.679 - The following profiles are active: dev
2019-01-21 18:29:54.849 [INFO ] [main] c.wanghan.demo.DemoApplicationTests StartupInfoLogger.java.59 - Started DemoApplicationTests in 9.279 seconds (JVM running for 10.808)
2019-01-21 18:29:55.495 [DEBUG] [main] c.w.demo.dao.UserMapper.findByName BaseJdbcLogger.java.159 - ==>  Preparing: select *from zk_userinfo where account = ? 
2019-01-21 18:29:56.002 [DEBUG] [main] c.w.demo.dao.UserMapper.findByName BaseJdbcLogger.java.159 - ==> Parameters: iDeal_test005(String)
2019-01-21 18:29:56.074 [DEBUG] [main] c.w.demo.dao.UserMapper.findByName BaseJdbcLogger.java.159 - <==      Total: 1
2019-01-21 18:31:00.462 [INFO ] [main] c.wanghan.demo.DemoApplicationTests StartupInfoLogger.java.50 - Starting DemoApplicationTests on jamdeMacBook-Pro.local with PID 93731 (started by jamwang in /Users/jamwang/Documents/dev/demo_springboot)
2019-01-21 18:31:00.464 [DEBUG] [main] c.wanghan.demo.DemoApplicationTests StartupInfoLogger.java.53 - Running with Spring Boot v2.1.2.RELEASE, Spring v5.1.4.RELEASE
2019-01-21 18:31:00.466 [INFO ] [main] c.wanghan.demo.DemoApplicationTests SpringApplication.java.679 - The following profiles are active: dev
2019-01-21 18:31:06.410 [INFO ] [main] c.wanghan.demo.DemoApplicationTests StartupInfoLogger.java.59 - Started DemoApplicationTests in 6.997 seconds (JVM running for 8.123)
2019-01-21 18:31:06.839 [DEBUG] [main] c.w.demo.dao.UserMapper.findByName BaseJdbcLogger.java.159 - ==>  Preparing: select *from zk_userinfo where account = ? 
2019-01-21 18:31:07.294 [DEBUG] [main] c.w.demo.dao.UserMapper.findByName BaseJdbcLogger.java.159 - ==> Parameters: iDeal_test005(String)
2019-01-21 18:31:07.435 [DEBUG] [main] c.w.demo.dao.UserMapper.findByName BaseJdbcLogger.java.159 - <==      Total: 1
2019-01-21 18:31:49.495 [INFO ] [main] c.wanghan.demo.DemoApplicationTests StartupInfoLogger.java.50 - Starting DemoApplicationTests on jamdeMacBook-Pro.local with PID 93762 (started by jamwang in /Users/jamwang/Documents/dev/demo_springboot)
2019-01-21 18:31:49.497 [DEBUG] [main] c.wanghan.demo.DemoApplicationTests StartupInfoLogger.java.53 - Running with Spring Boot v2.1.2.RELEASE, Spring v5.1.4.RELEASE
2019-01-21 18:31:49.497 [INFO ] [main] c.wanghan.demo.DemoApplicationTests SpringApplication.java.679 - The following profiles are active: dev
2019-01-21 18:31:58.422 [INFO ] [main] c.wanghan.demo.DemoApplicationTests StartupInfoLogger.java.59 - Started DemoApplicationTests in 11.322 seconds (JVM running for 15.349)
2019-01-21 18:33:17.326 [INFO ] [main] c.wanghan.demo.DemoApplicationTests StartupInfoLogger.java.50 - Starting DemoApplicationTests on jamdeMacBook-Pro.local with PID 93808 (started by jamwang in /Users/jamwang/Documents/dev/demo_springboot)
2019-01-21 18:33:17.328 [DEBUG] [main] c.wanghan.demo.DemoApplicationTests StartupInfoLogger.java.53 - Running with Spring Boot v2.1.2.RELEASE, Spring v5.1.4.RELEASE
2019-01-21 18:33:17.328 [INFO ] [main] c.wanghan.demo.DemoApplicationTests SpringApplication.java.679 - The following profiles are active: dev
2019-01-21 18:33:25.365 [INFO ] [main] c.wanghan.demo.DemoApplicationTests StartupInfoLogger.java.59 - Started DemoApplicationTests in 9.748 seconds (JVM running for 11.694)
2019-01-21 18:35:14.104 [INFO ] [main] c.wanghan.demo.DemoApplicationTests StartupInfoLogger.java.50 - Starting DemoApplicationTests on jamdeMacBook-Pro.local with PID 93868 (started by jamwang in /Users/jamwang/Documents/dev/demo_springboot)
2019-01-21 18:35:14.107 [DEBUG] [main] c.wanghan.demo.DemoApplicationTests StartupInfoLogger.java.53 - Running with Spring Boot v2.1.2.RELEASE, Spring v5.1.4.RELEASE
2019-01-21 18:35:14.107 [INFO ] [main] c.wanghan.demo.DemoApplicationTests SpringApplication.java.679 - The following profiles are active: dev
2019-01-21 18:35:21.299 [INFO ] [main] c.wanghan.demo.DemoApplicationTests StartupInfoLogger.java.59 - Started DemoApplicationTests in 8.563 seconds (JVM running for 10.071)
2019-01-21 18:35:21.758 [DEBUG] [main] c.w.demo.dao.UserMapper.findByName BaseJdbcLogger.java.159 - ==>  Preparing: select *from zk_userinfo where account = ? 
2019-01-21 18:35:22.172 [DEBUG] [main] c.w.demo.dao.UserMapper.findByName BaseJdbcLogger.java.159 - ==> Parameters: iDeal_test005(String)
2019-01-21 18:35:22.228 [DEBUG] [main] c.w.demo.dao.UserMapper.findByName BaseJdbcLogger.java.159 - <==      Total: 1
2019-01-21 18:35:58.141 [INFO ] [main] c.wanghan.demo.DemoApplicationTests StartupInfoLogger.java.50 - Starting DemoApplicationTests on jamdeMacBook-Pro.local with PID 93899 (started by jamwang in /Users/jamwang/Documents/dev/demo_springboot)
2019-01-21 18:35:58.171 [DEBUG] [main] c.wanghan.demo.DemoApplicationTests StartupInfoLogger.java.53 - Running with Spring Boot v2.1.2.RELEASE, Spring v5.1.4.RELEASE
2019-01-21 18:35:58.173 [INFO ] [main] c.wanghan.demo.DemoApplicationTests SpringApplication.java.679 - The following profiles are active: dev
2019-01-21 18:36:05.443 [INFO ] [main] c.wanghan.demo.DemoApplicationTests StartupInfoLogger.java.59 - Started DemoApplicationTests in 9.262 seconds (JVM running for 12.255)
2019-01-21 18:38:44.233 [INFO ] [main] c.wanghan.demo.DemoApplicationTests StartupInfoLogger.java.50 - Starting DemoApplicationTests on jamdeMacBook-Pro.local with PID 93977 (started by jamwang in /Users/jamwang/Documents/dev/demo_springboot)
2019-01-21 18:38:44.237 [DEBUG] [main] c.wanghan.demo.DemoApplicationTests StartupInfoLogger.java.53 - Running with Spring Boot v2.1.2.RELEASE, Spring v5.1.4.RELEASE
2019-01-21 18:38:44.238 [INFO ] [main] c.wanghan.demo.DemoApplicationTests SpringApplication.java.679 - The following profiles are active: dev
2019-01-21 18:38:50.451 [INFO ] [main] c.wanghan.demo.DemoApplicationTests StartupInfoLogger.java.59 - Started DemoApplicationTests in 7.294 seconds (JVM running for 8.588)
2019-01-21 18:38:50.918 [DEBUG] [main] c.w.demo.dao.UserMapper.findByName BaseJdbcLogger.java.159 - ==>  Preparing: select *from zk_userinfo where account = ? 
2019-01-21 18:38:51.280 [DEBUG] [main] c.w.demo.dao.UserMapper.findByName BaseJdbcLogger.java.159 - ==> Parameters: iDeal_test005(String)
2019-01-21 18:38:51.359 [DEBUG] [main] c.w.demo.dao.UserMapper.findByName BaseJdbcLogger.java.159 - <==      Total: 1
2019-01-21 18:40:37.536 [INFO ] [main] c.wanghan.demo.DemoApplicationTests StartupInfoLogger.java.50 - Starting DemoApplicationTests on jamdeMacBook-Pro.local with PID 94039 (started by jamwang in /Users/jamwang/Documents/dev/demo_springboot)
2019-01-21 18:40:37.538 [DEBUG] [main] c.wanghan.demo.DemoApplicationTests StartupInfoLogger.java.53 - Running with Spring Boot v2.1.2.RELEASE, Spring v5.1.4.RELEASE
2019-01-21 18:40:37.539 [INFO ] [main] c.wanghan.demo.DemoApplicationTests SpringApplication.java.679 - The following profiles are active: dev
2019-01-21 18:40:43.549 [INFO ] [main] c.wanghan.demo.DemoApplicationTests StartupInfoLogger.java.59 - Started DemoApplicationTests in 6.988 seconds (JVM running for 8.548)
2019-01-21 18:40:43.995 [DEBUG] [main] c.w.demo.dao.UserMapper.findByName BaseJdbcLogger.java.159 - ==>  Preparing: select *from zk_userinfo where account = ? 
2019-01-21 18:40:44.361 [DEBUG] [main] c.w.demo.dao.UserMapper.findByName BaseJdbcLogger.java.159 - ==> Parameters: iDeal_test005(String)
2019-01-21 18:40:44.446 [DEBUG] [main] c.w.demo.dao.UserMapper.findByName BaseJdbcLogger.java.159 - <==      Total: 1
2019-01-21 18:42:21.041 [INFO ] [main] c.wanghan.demo.DemoApplicationTests StartupInfoLogger.java.50 - Starting DemoApplicationTests on jamdeMacBook-Pro.local with PID 94096 (started by jamwang in /Users/jamwang/Documents/dev/demo_springboot)
2019-01-21 18:42:21.044 [DEBUG] [main] c.wanghan.demo.DemoApplicationTests StartupInfoLogger.java.53 - Running with Spring Boot v2.1.2.RELEASE, Spring v5.1.4.RELEASE
2019-01-21 18:42:21.045 [INFO ] [main] c.wanghan.demo.DemoApplicationTests SpringApplication.java.679 - The following profiles are active: dev
2019-01-21 18:42:27.263 [INFO ] [main] c.wanghan.demo.DemoApplicationTests StartupInfoLogger.java.59 - Started DemoApplicationTests in 7.493 seconds (JVM running for 8.751)
2019-01-21 18:42:27.735 [DEBUG] [main] c.w.demo.dao.UserMapper.findByName BaseJdbcLogger.java.159 - ==>  Preparing: select *from zk_userinfo where account = ? 
2019-01-21 18:42:28.138 [DEBUG] [main] c.w.demo.dao.UserMapper.findByName BaseJdbcLogger.java.159 - ==> Parameters: iDeal_test005(String)
2019-01-21 18:42:28.188 [DEBUG] [main] c.w.demo.dao.UserMapper.findByName BaseJdbcLogger.java.159 - <==      Total: 1
2019-01-21 18:44:02.192 [INFO ] [main] c.wanghan.demo.DemoApplicationTests StartupInfoLogger.java.50 - Starting DemoApplicationTests on jamdeMacBook-Pro.local with PID 94152 (started by jamwang in /Users/jamwang/Documents/dev/demo_springboot)
2019-01-21 18:44:02.195 [DEBUG] [main] c.wanghan.demo.DemoApplicationTests StartupInfoLogger.java.53 - Running with Spring Boot v2.1.2.RELEASE, Spring v5.1.4.RELEASE
2019-01-21 18:44:02.195 [INFO ] [main] c.wanghan.demo.DemoApplicationTests SpringApplication.java.679 - The following profiles are active: dev
2019-01-21 18:44:07.836 [INFO ] [main] c.wanghan.demo.DemoApplicationTests StartupInfoLogger.java.59 - Started DemoApplicationTests in 6.636 seconds (JVM running for 7.877)
2019-01-21 18:44:08.666 [DEBUG] [main] c.w.demo.dao.UserMapper.findByName BaseJdbcLogger.java.159 - ==>  Preparing: select *from zk_userinfo where account = ? 
2019-01-21 18:44:09.391 [DEBUG] [main] c.w.demo.dao.UserMapper.findByName BaseJdbcLogger.java.159 - ==> Parameters: iDeal_test005(String)
2019-01-21 18:44:09.461 [DEBUG] [main] c.w.demo.dao.UserMapper.findByName BaseJdbcLogger.java.159 - <==      Total: 1
2019-01-21 18:44:41.081 [INFO ] [main] c.wanghan.demo.DemoApplicationTests StartupInfoLogger.java.50 - Starting DemoApplicationTests on jamdeMacBook-Pro.local with PID 94183 (started by jamwang in /Users/jamwang/Documents/dev/demo_springboot)
2019-01-21 18:44:41.083 [INFO ] [main] c.wanghan.demo.DemoApplicationTests SpringApplication.java.679 - The following profiles are active: st
2019-01-21 18:44:45.743 [INFO ] [main] c.wanghan.demo.DemoApplicationTests StartupInfoLogger.java.59 - Started DemoApplicationTests in 5.683 seconds (JVM running for 6.847)
2019-01-21 18:45:44.797 [INFO ] [main] c.wanghan.demo.DemoApplicationTests StartupInfoLogger.java.50 - Starting DemoApplicationTests on jamdeMacBook-Pro.local with PID 94223 (started by jamwang in /Users/jamwang/Documents/dev/demo_springboot)
2019-01-21 18:45:44.801 [INFO ] [main] c.wanghan.demo.DemoApplicationTests SpringApplication.java.679 - The following profiles are active: st
2019-01-21 18:45:50.014 [INFO ] [main] c.wanghan.demo.DemoApplicationTests StartupInfoLogger.java.59 - Started DemoApplicationTests in 6.245 seconds (JVM running for 7.587)
2019-01-21 18:47:58.927 [INFO ] [main] c.wanghan.demo.DemoApplicationTests StartupInfoLogger.java.50 - Starting DemoApplicationTests on jamdeMacBook-Pro.local with PID 94295 (started by jamwang in /Users/jamwang/Documents/dev/demo_springboot)
2019-01-21 18:47:58.929 [INFO ] [main] c.wanghan.demo.DemoApplicationTests SpringApplication.java.679 - The following profiles are active: st
2019-01-21 18:48:04.163 [INFO ] [main] c.wanghan.demo.DemoApplicationTests StartupInfoLogger.java.59 - Started DemoApplicationTests in 6.113 seconds (JVM running for 7.268)
2019-01-21 18:50:20.974 [INFO ] [main] c.wanghan.demo.DemoApplicationTests StartupInfoLogger.java.50 - Starting DemoApplicationTests on jamdeMacBook-Pro.local with PID 94380 (started by jamwang in /Users/jamwang/Documents/dev/demo_springboot)
2019-01-21 18:50:20.977 [INFO ] [main] c.wanghan.demo.DemoApplicationTests SpringApplication.java.679 - The following profiles are active: st
2019-01-21 18:50:26.549 [INFO ] [main] c.wanghan.demo.DemoApplicationTests StartupInfoLogger.java.59 - Started DemoApplicationTests in 6.701 seconds (JVM running for 8.019)
2019-01-21 18:51:10.895 [INFO ] [main] c.wanghan.demo.DemoApplicationTests StartupInfoLogger.java.50 - Starting DemoApplicationTests on jamdeMacBook-Pro.local with PID 94421 (started by jamwang in /Users/jamwang/Documents/dev/demo_springboot)
2019-01-21 18:51:10.912 [INFO ] [main] c.wanghan.demo.DemoApplicationTests SpringApplication.java.679 - The following profiles are active: st
2019-01-21 18:51:16.033 [INFO ] [main] c.wanghan.demo.DemoApplicationTests StartupInfoLogger.java.59 - Started DemoApplicationTests in 6.475 seconds (JVM running for 7.704)
2019-01-21 18:53:04.954 [INFO ] [main] c.wanghan.demo.DemoApplicationTests StartupInfoLogger.java.50 - Starting DemoApplicationTests on jamdeMacBook-Pro.local with PID 94485 (started by jamwang in /Users/jamwang/Documents/dev/demo_springboot)
2019-01-21 18:53:04.956 [INFO ] [main] c.wanghan.demo.DemoApplicationTests SpringApplication.java.679 - The following profiles are active: st
2019-01-21 18:53:09.930 [INFO ] [main] c.wanghan.demo.DemoApplicationTests StartupInfoLogger.java.59 - Started DemoApplicationTests in 5.886 seconds (JVM running for 7.28)
2019-01-21 18:58:06.269 [INFO ] [main] c.wanghan.demo.DemoApplicationTests StartupInfoLogger.java.50 - Starting DemoApplicationTests on jamdeMacBook-Pro.local with PID 94633 (started by jamwang in /Users/jamwang/Documents/dev/demo_springboot)
2019-01-21 18:58:06.271 [INFO ] [main] c.wanghan.demo.DemoApplicationTests SpringApplication.java.679 - The following profiles are active: st
2019-01-21 18:58:11.951 [INFO ] [main] c.wanghan.demo.DemoApplicationTests StartupInfoLogger.java.59 - Started DemoApplicationTests in 6.629 seconds (JVM running for 7.949)
2019-01-21 18:58:34.254 [INFO ] [main] c.wanghan.demo.DemoApplicationTests StartupInfoLogger.java.50 - Starting DemoApplicationTests on jamdeMacBook-Pro.local with PID 94658 (started by jamwang in /Users/jamwang/Documents/dev/demo_springboot)
2019-01-21 18:58:34.257 [INFO ] [main] c.wanghan.demo.DemoApplicationTests SpringApplication.java.679 - The following profiles are active: st
2019-01-21 18:58:40.466 [INFO ] [main] c.wanghan.demo.DemoApplicationTests StartupInfoLogger.java.59 - Started DemoApplicationTests in 8.133 seconds (JVM running for 10.38)
2019-01-21 18:59:01.691 [INFO ] [main] com.wanghan.demo.DemoApplication StartupInfoLogger.java.50 - Starting DemoApplication on jamdeMacBook-Pro.local with PID 94675 (/Users/jamwang/Documents/dev/demo_springboot/target/classes started by jamwang in /Users/jamwang/Documents/dev/demo_springboot)
2019-01-21 18:59:01.702 [INFO ] [main] com.wanghan.demo.DemoApplication SpringApplication.java.679 - The following profiles are active: st
2019-01-21 18:59:06.057 [INFO ] [main] com.wanghan.demo.DemoApplication StartupInfoLogger.java.59 - Started DemoApplication in 5.94 seconds (JVM running for 7.519)
2019-01-21 18:59:06.061 [INFO ] [main] c.w.d.a.ApplicationReadyEventListener ApplicationReadyEventListener.java.19 - ......ApplicationReadyEvent......
2019-01-21 18:59:06.061 [WARN ] [main] c.w.d.a.ApplicationReadyEventListener ApplicationReadyEventListener.java.22 - ......ApplicationReadyEvent......
2019-01-21 18:59:06.061 [ERROR] [main] c.w.d.a.ApplicationReadyEventListener ApplicationReadyEventListener.java.23 - ......ApplicationReadyEvent......
2019-01-21 19:59:42.938 [INFO ] [main] c.wanghan.demo.DemoApplicationTests StartupInfoLogger.java.50 - Starting DemoApplicationTests on jamdeMacBook-Pro.local with PID 96310 (started by jamwang in /Users/jamwang/Documents/dev/demo_springboot)
2019-01-21 19:59:42.941 [INFO ] [main] c.wanghan.demo.DemoApplicationTests SpringApplication.java.679 - The following profiles are active: st
2019-01-21 19:59:47.068 [INFO ] [main] c.wanghan.demo.DemoApplicationTests StartupInfoLogger.java.59 - Started DemoApplicationTests in 4.908 seconds (JVM running for 5.958)
2019-01-21 20:01:06.625 [INFO ] [main] c.wanghan.demo.DemoApplicationTests StartupInfoLogger.java.50 - Starting DemoApplicationTests on jamdeMacBook-Pro.local with PID 96360 (started by jamwang in /Users/jamwang/Documents/dev/demo_springboot)
2019-01-21 20:01:06.629 [DEBUG] [main] c.wanghan.demo.DemoApplicationTests StartupInfoLogger.java.53 - Running with Spring Boot v2.1.2.RELEASE, Spring v5.1.4.RELEASE
2019-01-21 20:01:06.630 [INFO ] [main] c.wanghan.demo.DemoApplicationTests SpringApplication.java.679 - The following profiles are active: dev
2019-01-21 20:01:12.655 [INFO ] [main] c.wanghan.demo.DemoApplicationTests StartupInfoLogger.java.59 - Started DemoApplicationTests in 6.961 seconds (JVM running for 8.339)
2019-01-21 20:01:12.999 [DEBUG] [main] c.w.demo.dao.UserMapper.findByName BaseJdbcLogger.java.159 - ==>  Preparing: select *from zk_userinfo where account = ? 
2019-01-21 20:01:13.543 [DEBUG] [main] c.w.demo.dao.UserMapper.findByName BaseJdbcLogger.java.159 - ==> Parameters: iDeal_test005(String)
2019-01-21 20:01:13.600 [DEBUG] [main] c.w.demo.dao.UserMapper.findByName BaseJdbcLogger.java.159 - <==      Total: 1
2019-01-21 20:01:42.770 [INFO ] [main] c.wanghan.demo.DemoApplicationTests StartupInfoLogger.java.50 - Starting DemoApplicationTests on jamdeMacBook-Pro.local with PID 96387 (started by jamwang in /Users/jamwang/Documents/dev/demo_springboot)
2019-01-21 20:01:42.772 [DEBUG] [main] c.wanghan.demo.DemoApplicationTests StartupInfoLogger.java.53 - Running with Spring Boot v2.1.2.RELEASE, Spring v5.1.4.RELEASE
2019-01-21 20:01:42.773 [INFO ] [main] c.wanghan.demo.DemoApplicationTests SpringApplication.java.679 - The following profiles are active: dev
2019-01-21 20:01:49.299 [INFO ] [main] c.wanghan.demo.DemoApplicationTests StartupInfoLogger.java.59 - Started DemoApplicationTests in 7.541 seconds (JVM running for 8.963)
2019-01-21 20:01:50.168 [DEBUG] [main] c.w.demo.dao.UserMapper.findByName BaseJdbcLogger.java.159 - ==>  Preparing: select *from zk_userinfo where account = ? 
2019-01-21 20:01:50.685 [DEBUG] [main] c.w.demo.dao.UserMapper.findByName BaseJdbcLogger.java.159 - ==> Parameters: iDeal_test005(String)
2019-01-21 20:01:50.811 [DEBUG] [main] c.w.demo.dao.UserMapper.findByName BaseJdbcLogger.java.159 - <==      Total: 1
2019-01-21 20:01:50.927 [DEBUG] [main] c.w.demo.dao.UserMapper.findByName BaseJdbcLogger.java.159 - ==>  Preparing: select *from zk_userinfo where account = ? 
2019-01-21 20:01:50.929 [DEBUG] [main] c.w.demo.dao.UserMapper.findByName BaseJdbcLogger.java.159 - ==> Parameters: iDeal_test005(String)
2019-01-21 20:01:50.939 [DEBUG] [main] c.w.demo.dao.UserMapper.findByName BaseJdbcLogger.java.159 - <==      Total: 1
2019-01-21 20:08:36.350 [INFO ] [main] c.wanghan.demo.DemoApplicationTests StartupInfoLogger.java.50 - Starting DemoApplicationTests on jamdeMacBook-Pro.local with PID 96650 (started by jamwang in /Users/jamwang/Documents/dev/demo_springboot)
2019-01-21 20:08:36.354 [DEBUG] [main] c.wanghan.demo.DemoApplicationTests StartupInfoLogger.java.53 - Running with Spring Boot v2.1.2.RELEASE, Spring v5.1.4.RELEASE
2019-01-21 20:08:36.355 [INFO ] [main] c.wanghan.demo.DemoApplicationTests SpringApplication.java.679 - The following profiles are active: dev
2019-01-21 20:08:42.118 [INFO ] [main] c.wanghan.demo.DemoApplicationTests StartupInfoLogger.java.59 - Started DemoApplicationTests in 6.913 seconds (JVM running for 8.692)
2019-01-21 20:08:42.724 [DEBUG] [main] c.w.demo.dao.UserMapper.findByName BaseJdbcLogger.java.159 - ==>  Preparing: select *from zk_userinfo where account = ? 
2019-01-21 20:08:42.973 [DEBUG] [main] c.w.demo.dao.UserMapper.findByName BaseJdbcLogger.java.159 - ==> Parameters: iDeal_test005(String)
2019-01-21 20:08:43.021 [DEBUG] [main] c.w.demo.dao.UserMapper.findByName BaseJdbcLogger.java.159 - <==      Total: 1
